<?xml version="1.0" encoding="UTF-8"?>
<coverage generated="1732417955259" clover="3.2.0">
  <project timestamp="1732417955259" name="All files">
    <metrics statements="38" coveredstatements="38" conditionals="6" coveredconditionals="6" methods="10" coveredmethods="10" elements="54" coveredelements="54" complexity="0" loc="38" ncloc="38" packages="2" files="2" classes="2"/>
    <package name="Login">
      <metrics statements="16" coveredstatements="16" conditionals="2" coveredconditionals="2" methods="4" coveredmethods="4"/>
      <file name="Login.jsx" path="C:\dev\cs490\CS490_ResumeAnalyzer\frontend\src\pages\Login\Login.jsx">
        <metrics statements="16" coveredstatements="16" conditionals="2" coveredconditionals="2" methods="4" coveredmethods="4"/>
        <line num="4" count="1" type="stmt"/>
        <line num="5" count="67" type="stmt"/>
        <line num="6" count="67" type="stmt"/>
        <line num="7" count="67" type="stmt"/>
        <line num="9" count="67" type="stmt"/>
        <line num="10" count="2" type="stmt"/>
        <line num="11" count="2" type="stmt"/>
        <line num="12" count="2" type="stmt"/>
        <line num="16" count="2" type="cond" truecount="2" falsecount="0"/>
        <line num="17" count="1" type="stmt"/>
        <line num="18" count="1" type="stmt"/>
        <line num="20" count="1" type="stmt"/>
        <line num="23" count="1" type="stmt"/>
        <line num="27" count="67" type="stmt"/>
        <line num="39" count="34" type="stmt"/>
        <line num="50" count="28" type="stmt"/>
      </file>
    </package>
    <package name="SignUp">
      <metrics statements="22" coveredstatements="22" conditionals="4" coveredconditionals="4" methods="6" coveredmethods="6"/>
      <file name="SignUp.jsx" path="C:\dev\cs490\CS490_ResumeAnalyzer\frontend\src\pages\SignUp\SignUp.jsx">
        <metrics statements="22" coveredstatements="22" conditionals="4" coveredconditionals="4" methods="6" coveredmethods="6"/>
        <line num="4" count="1" type="stmt"/>
        <line num="5" count="130" type="stmt"/>
        <line num="6" count="130" type="stmt"/>
        <line num="7" count="130" type="stmt"/>
        <line num="8" count="130" type="stmt"/>
        <line num="9" count="130" type="stmt"/>
        <line num="11" count="130" type="stmt"/>
        <line num="12" count="3" type="stmt"/>
        <line num="14" count="3" type="cond" truecount="2" falsecount="0"/>
        <line num="15" count="1" type="stmt"/>
        <line num="16" count="1" type="stmt"/>
        <line num="19" count="2" type="stmt"/>
        <line num="20" count="2" type="stmt"/>
        <line num="26" count="2" type="cond" truecount="2" falsecount="0"/>
        <line num="27" count="1" type="stmt"/>
        <line num="29" count="1" type="stmt"/>
        <line num="32" count="1" type="stmt"/>
        <line num="36" count="130" type="stmt"/>
        <line num="48" count="51" type="stmt"/>
        <line num="59" count="18" type="stmt"/>
        <line num="70" count="27" type="stmt"/>
        <line num="81" count="27" type="stmt"/>
      </file>
    </package>
  </project>
</coverage>
