{"C:\\dev\\cs490\\CS490_ResumeAnalyzer\\frontend\\src\\pages\\Login\\Login.jsx": {"path":"C:\\dev\\cs490\\CS490_ResumeAnalyzer\\frontend\\src\\pages\\Login\\Login.jsx","statementMap":{"0":{"start":{"line":6,"column":14},"end":{"line":71,"column":1}},"1":{"start":{"line":7,"column":28},"end":{"line":7,"column":40}},"2":{"start":{"line":8,"column":34},"end":{"line":8,"column":46}},"3":{"start":{"line":9,"column":42},"end":{"line":9,"column":54}},"4":{"start":{"line":12,"column":24},"end":{"line":28,"column":3}},"5":{"start":{"line":13,"column":4},"end":{"line":13,"column":23}},"6":{"start":{"line":14,"column":4},"end":{"line":27,"column":5}},"7":{"start":{"line":15,"column":23},"end":{"line":18,"column":8}},"8":{"start":{"line":19,"column":6},"end":{"line":24,"column":7}},"9":{"start":{"line":20,"column":8},"end":{"line":20,"column":59}},"10":{"start":{"line":21,"column":8},"end":{"line":21,"column":44}},"11":{"start":{"line":23,"column":8},"end":{"line":23,"column":58}},"12":{"start":{"line":26,"column":6},"end":{"line":26,"column":56}},"13":{"start":{"line":31,"column":2},"end":{"line":70,"column":4}},"14":{"start":{"line":43,"column":30},"end":{"line":43,"column":55}},"15":{"start":{"line":54,"column":30},"end":{"line":54,"column":58}}},"fnMap":{"0":{"name":"(anonymous_0)","decl":{"start":{"line":6,"column":14},"end":{"line":6,"column":15}},"loc":{"start":{"line":6,"column":20},"end":{"line":71,"column":1}},"line":6},"1":{"name":"(anonymous_1)","decl":{"start":{"line":12,"column":24},"end":{"line":12,"column":25}},"loc":{"start":{"line":12,"column":37},"end":{"line":28,"column":3}},"line":12},"2":{"name":"(anonymous_2)","decl":{"start":{"line":43,"column":22},"end":{"line":43,"column":23}},"loc":{"start":{"line":43,"column":30},"end":{"line":43,"column":55}},"line":43},"3":{"name":"(anonymous_3)","decl":{"start":{"line":54,"column":22},"end":{"line":54,"column":23}},"loc":{"start":{"line":54,"column":30},"end":{"line":54,"column":58}},"line":54}},"branchMap":{"0":{"loc":{"start":{"line":19,"column":6},"end":{"line":24,"column":7}},"type":"if","locations":[{"start":{"line":19,"column":6},"end":{"line":24,"column":7}},{"start":{"line":22,"column":13},"end":{"line":24,"column":7}}],"line":19}},"s":{"0":1,"1":67,"2":67,"3":67,"4":67,"5":2,"6":2,"7":2,"8":2,"9":1,"10":1,"11":1,"12":1,"13":67,"14":34,"15":28},"f":{"0":67,"1":2,"2":34,"3":28},"b":{"0":[1,1]},"_coverageSchema":"1a1c01bbd47fc00a2c39e90264f33305004495a9","hash":"4741bbeaa0b964d621850fced5d10ffe64ee7346"}
,"C:\\dev\\cs490\\CS490_ResumeAnalyzer\\frontend\\src\\pages\\SignUp\\SignUp.jsx": {"path":"C:\\dev\\cs490\\CS490_ResumeAnalyzer\\frontend\\src\\pages\\SignUp\\SignUp.jsx","statementMap":{"0":{"start":{"line":6,"column":15},"end":{"line":102,"column":1}},"1":{"start":{"line":7,"column":28},"end":{"line":7,"column":40}},"2":{"start":{"line":8,"column":34},"end":{"line":8,"column":46}},"3":{"start":{"line":9,"column":34},"end":{"line":9,"column":46}},"4":{"start":{"line":10,"column":48},"end":{"line":10,"column":60}},"5":{"start":{"line":11,"column":42},"end":{"line":11,"column":54}},"6":{"start":{"line":14,"column":24},"end":{"line":37,"column":3}},"7":{"start":{"line":15,"column":4},"end":{"line":15,"column":23}},"8":{"start":{"line":17,"column":4},"end":{"line":20,"column":5}},"9":{"start":{"line":18,"column":6},"end":{"line":18,"column":48}},"10":{"start":{"line":19,"column":6},"end":{"line":19,"column":13}},"11":{"start":{"line":22,"column":4},"end":{"line":36,"column":5}},"12":{"start":{"line":23,"column":23},"end":{"line":27,"column":8}},"13":{"start":{"line":29,"column":6},"end":{"line":33,"column":7}},"14":{"start":{"line":30,"column":8},"end":{"line":30,"column":44}},"15":{"start":{"line":32,"column":8},"end":{"line":32,"column":61}},"16":{"start":{"line":35,"column":6},"end":{"line":35,"column":59}},"17":{"start":{"line":40,"column":2},"end":{"line":101,"column":4}},"18":{"start":{"line":52,"column":30},"end":{"line":52,"column":55}},"19":{"start":{"line":63,"column":30},"end":{"line":63,"column":58}},"20":{"start":{"line":74,"column":30},"end":{"line":74,"column":58}},"21":{"start":{"line":85,"column":30},"end":{"line":85,"column":65}}},"fnMap":{"0":{"name":"(anonymous_0)","decl":{"start":{"line":6,"column":15},"end":{"line":6,"column":16}},"loc":{"start":{"line":6,"column":21},"end":{"line":102,"column":1}},"line":6},"1":{"name":"(anonymous_1)","decl":{"start":{"line":14,"column":24},"end":{"line":14,"column":25}},"loc":{"start":{"line":14,"column":37},"end":{"line":37,"column":3}},"line":14},"2":{"name":"(anonymous_2)","decl":{"start":{"line":52,"column":22},"end":{"line":52,"column":23}},"loc":{"start":{"line":52,"column":30},"end":{"line":52,"column":55}},"line":52},"3":{"name":"(anonymous_3)","decl":{"start":{"line":63,"column":22},"end":{"line":63,"column":23}},"loc":{"start":{"line":63,"column":30},"end":{"line":63,"column":58}},"line":63},"4":{"name":"(anonymous_4)","decl":{"start":{"line":74,"column":22},"end":{"line":74,"column":23}},"loc":{"start":{"line":74,"column":30},"end":{"line":74,"column":58}},"line":74},"5":{"name":"(anonymous_5)","decl":{"start":{"line":85,"column":22},"end":{"line":85,"column":23}},"loc":{"start":{"line":85,"column":30},"end":{"line":85,"column":65}},"line":85}},"branchMap":{"0":{"loc":{"start":{"line":17,"column":4},"end":{"line":20,"column":5}},"type":"if","locations":[{"start":{"line":17,"column":4},"end":{"line":20,"column":5}},{"start":{},"end":{}}],"line":17},"1":{"loc":{"start":{"line":29,"column":6},"end":{"line":33,"column":7}},"type":"if","locations":[{"start":{"line":29,"column":6},"end":{"line":33,"column":7}},{"start":{"line":31,"column":13},"end":{"line":33,"column":7}}],"line":29}},"s":{"0":1,"1":130,"2":130,"3":130,"4":130,"5":130,"6":130,"7":3,"8":3,"9":1,"10":1,"11":2,"12":2,"13":2,"14":1,"15":1,"16":1,"17":130,"18":51,"19":18,"20":27,"21":27},"f":{"0":130,"1":3,"2":51,"3":18,"4":27,"5":27},"b":{"0":[1,2],"1":[1,1]},"_coverageSchema":"1a1c01bbd47fc00a2c39e90264f33305004495a9","hash":"ccd415a6dcba8b3f3d87da172d15d7ff4ba34fc8"}
,"C:\\dev\\cs490\\CS490_ResumeAnalyzer\\frontend\\src\\pages\\Upload\\FileUpload.jsx": {"path":"C:\\dev\\cs490\\CS490_ResumeAnalyzer\\frontend\\src\\pages\\Upload\\FileUpload.jsx","statementMap":{"0":{"start":{"line":8,"column":26},"end":{"line":8,"column":40}},"1":{"start":{"line":9,"column":28},"end":{"line":9,"column":40}},"2":{"start":{"line":10,"column":32},"end":{"line":10,"column":44}},"3":{"start":{"line":13,"column":23},"end":{"line":35,"column":3}},"4":{"start":{"line":14,"column":25},"end":{"line":14,"column":42}},"5":{"start":{"line":16,"column":4},"end":{"line":16,"column":17}},"6":{"start":{"line":17,"column":4},"end":{"line":17,"column":19}},"7":{"start":{"line":19,"column":4},"end":{"line":19,"column":30}},"8":{"start":{"line":19,"column":23},"end":{"line":19,"column":30}},"9":{"start":{"line":21,"column":4},"end":{"line":25,"column":5}},"10":{"start":{"line":22,"column":6},"end":{"line":22,"column":37}},"11":{"start":{"line":23,"column":6},"end":{"line":23,"column":20}},"12":{"start":{"line":24,"column":6},"end":{"line":24,"column":13}},"13":{"start":{"line":27,"column":4},"end":{"line":31,"column":5}},"14":{"start":{"line":28,"column":6},"end":{"line":28,"column":47}},"15":{"start":{"line":29,"column":6},"end":{"line":29,"column":20}},"16":{"start":{"line":30,"column":6},"end":{"line":30,"column":13}},"17":{"start":{"line":33,"column":4},"end":{"line":33,"column":26}},"18":{"start":{"line":34,"column":4},"end":{"line":34,"column":42}},"19":{"start":{"line":38,"column":23},"end":{"line":79,"column":3}},"20":{"start":{"line":39,"column":4},"end":{"line":39,"column":23}},"21":{"start":{"line":41,"column":4},"end":{"line":41,"column":19}},"22":{"start":{"line":42,"column":4},"end":{"line":42,"column":17}},"23":{"start":{"line":44,"column":4},"end":{"line":47,"column":5}},"24":{"start":{"line":45,"column":6},"end":{"line":45,"column":62}},"25":{"start":{"line":46,"column":6},"end":{"line":46,"column":13}},"26":{"start":{"line":50,"column":21},"end":{"line":50,"column":35}},"27":{"start":{"line":51,"column":4},"end":{"line":51,"column":41}},"28":{"start":{"line":54,"column":4},"end":{"line":78,"column":5}},"29":{"start":{"line":55,"column":23},"end":{"line":55,"column":52}},"30":{"start":{"line":56,"column":18},"end":{"line":56,"column":59}},"31":{"start":{"line":57,"column":22},"end":{"line":57,"column":30}},"32":{"start":{"line":58,"column":21},"end":{"line":63,"column":7}},"33":{"start":{"line":65,"column":23},"end":{"line":65,"column":61}},"34":{"start":{"line":67,"column":6},"end":{"line":72,"column":7}},"35":{"start":{"line":68,"column":8},"end":{"line":68,"column":50}},"36":{"start":{"line":71,"column":8},"end":{"line":71,"column":47}},"37":{"start":{"line":76,"column":6},"end":{"line":76,"column":56}},"38":{"start":{"line":77,"column":6},"end":{"line":77,"column":21}},"39":{"start":{"line":82,"column":2},"end":{"line":110,"column":4}}},"fnMap":{"0":{"name":"FileUpload","decl":{"start":{"line":7,"column":9},"end":{"line":7,"column":19}},"loc":{"start":{"line":7,"column":21},"end":{"line":111,"column":1}},"line":7},"1":{"name":"(anonymous_1)","decl":{"start":{"line":13,"column":23},"end":{"line":13,"column":24}},"loc":{"start":{"line":13,"column":30},"end":{"line":35,"column":3}},"line":13},"2":{"name":"(anonymous_2)","decl":{"start":{"line":38,"column":23},"end":{"line":38,"column":24}},"loc":{"start":{"line":38,"column":36},"end":{"line":79,"column":3}},"line":38}},"branchMap":{"0":{"loc":{"start":{"line":19,"column":4},"end":{"line":19,"column":30}},"type":"if","locations":[{"start":{"line":19,"column":4},"end":{"line":19,"column":30}},{"start":{},"end":{}}],"line":19},"1":{"loc":{"start":{"line":21,"column":4},"end":{"line":25,"column":5}},"type":"if","locations":[{"start":{"line":21,"column":4},"end":{"line":25,"column":5}},{"start":{},"end":{}}],"line":21},"2":{"loc":{"start":{"line":27,"column":4},"end":{"line":31,"column":5}},"type":"if","locations":[{"start":{"line":27,"column":4},"end":{"line":31,"column":5}},{"start":{},"end":{}}],"line":27},"3":{"loc":{"start":{"line":44,"column":4},"end":{"line":47,"column":5}},"type":"if","locations":[{"start":{"line":44,"column":4},"end":{"line":47,"column":5}},{"start":{},"end":{}}],"line":44},"4":{"loc":{"start":{"line":67,"column":6},"end":{"line":72,"column":7}},"type":"if","locations":[{"start":{"line":67,"column":6},"end":{"line":72,"column":7}},{"start":{"line":70,"column":11},"end":{"line":72,"column":7}}],"line":67},"5":{"loc":{"start":{"line":97,"column":20},"end":{"line":97,"column":34}},"type":"binary-expr","locations":[{"start":{"line":97,"column":20},"end":{"line":97,"column":25}},{"start":{"line":97,"column":29},"end":{"line":97,"column":34}}],"line":97},"6":{"loc":{"start":{"line":104,"column":13},"end":{"line":104,"column":54}},"type":"binary-expr","locations":[{"start":{"line":104,"column":13},"end":{"line":104,"column":18}},{"start":{"line":104,"column":22},"end":{"line":104,"column":54}}],"line":104},"7":{"loc":{"start":{"line":105,"column":13},"end":{"line":105,"column":60}},"type":"binary-expr","locations":[{"start":{"line":105,"column":13},"end":{"line":105,"column":20}},{"start":{"line":105,"column":24},"end":{"line":105,"column":60}}],"line":105}},"s":{"0":18,"1":18,"2":18,"3":18,"4":6,"5":6,"6":6,"7":6,"8":0,"9":6,"10":1,"11":1,"12":1,"13":5,"14":1,"15":1,"16":1,"17":4,"18":4,"19":18,"20":3,"21":3,"22":3,"23":3,"24":0,"25":0,"26":3,"27":3,"28":3,"29":3,"30":3,"31":3,"32":3,"33":3,"34":2,"35":1,"36":1,"37":1,"38":1,"39":18},"f":{"0":18,"1":6,"2":3},"b":{"0":[0,6],"1":[1,5],"2":[1,4],"3":[0,3],"4":[1,1],"5":[18,10],"6":[18,4],"7":[18,5]},"_coverageSchema":"1a1c01bbd47fc00a2c39e90264f33305004495a9","hash":"6ce09e47806909eee58685d98fc77f4a97b43d0a"}
,"C:\\dev\\cs490\\CS490_ResumeAnalyzer\\frontend\\src\\pages\\Upload\\JobDescription.jsx": {"path":"C:\\dev\\cs490\\CS490_ResumeAnalyzer\\frontend\\src\\pages\\Upload\\JobDescription.jsx","statementMap":{"0":{"start":{"line":6,"column":23},"end":{"line":107,"column":1}},"1":{"start":{"line":7,"column":26},"end":{"line":7,"column":38}},"2":{"start":{"line":8,"column":28},"end":{"line":8,"column":40}},"3":{"start":{"line":9,"column":32},"end":{"line":9,"column":44}},"4":{"start":{"line":10,"column":20},"end":{"line":10,"column":24}},"5":{"start":{"line":13,"column":23},"end":{"line":15,"column":3}},"6":{"start":{"line":14,"column":4},"end":{"line":14,"column":27}},"7":{"start":{"line":18,"column":33},"end":{"line":20,"column":3}},"8":{"start":{"line":19,"column":4},"end":{"line":19,"column":35}},"9":{"start":{"line":23,"column":30},"end":{"line":32,"column":3}},"10":{"start":{"line":24,"column":22},"end":{"line":24,"column":46}},"11":{"start":{"line":25,"column":4},"end":{"line":30,"column":5}},"12":{"start":{"line":26,"column":6},"end":{"line":26,"column":71}},"13":{"start":{"line":28,"column":9},"end":{"line":30,"column":5}},"14":{"start":{"line":29,"column":6},"end":{"line":29,"column":86}},"15":{"start":{"line":31,"column":4},"end":{"line":31,"column":15}},"16":{"start":{"line":35,"column":23},"end":{"line":74,"column":3}},"17":{"start":{"line":36,"column":4},"end":{"line":36,"column":23}},"18":{"start":{"line":38,"column":4},"end":{"line":38,"column":19}},"19":{"start":{"line":39,"column":4},"end":{"line":39,"column":17}},"20":{"start":{"line":41,"column":4},"end":{"line":44,"column":5}},"21":{"start":{"line":42,"column":6},"end":{"line":42,"column":43}},"22":{"start":{"line":43,"column":6},"end":{"line":43,"column":13}},"23":{"start":{"line":47,"column":4},"end":{"line":72,"column":5}},"24":{"start":{"line":48,"column":23},"end":{"line":48,"column":52}},"25":{"start":{"line":49,"column":18},"end":{"line":49,"column":61}},"26":{"start":{"line":50,"column":22},"end":{"line":50,"column":47}},"27":{"start":{"line":51,"column":21},"end":{"line":56,"column":7}},"28":{"start":{"line":59,"column":23},"end":{"line":59,"column":61}},"29":{"start":{"line":61,"column":6},"end":{"line":67,"column":7}},"30":{"start":{"line":62,"column":8},"end":{"line":62,"column":61}},"31":{"start":{"line":63,"column":8},"end":{"line":63,"column":20}},"32":{"start":{"line":66,"column":8},"end":{"line":66,"column":54}},"33":{"start":{"line":71,"column":6},"end":{"line":71,"column":55}},"34":{"start":{"line":77,"column":2},"end":{"line":106,"column":4}}},"fnMap":{"0":{"name":"(anonymous_0)","decl":{"start":{"line":6,"column":23},"end":{"line":6,"column":24}},"loc":{"start":{"line":6,"column":29},"end":{"line":107,"column":1}},"line":6},"1":{"name":"(anonymous_1)","decl":{"start":{"line":13,"column":23},"end":{"line":13,"column":24}},"loc":{"start":{"line":13,"column":30},"end":{"line":15,"column":3}},"line":13},"2":{"name":"(anonymous_2)","decl":{"start":{"line":18,"column":33},"end":{"line":18,"column":34}},"loc":{"start":{"line":18,"column":39},"end":{"line":20,"column":3}},"line":18},"3":{"name":"(anonymous_3)","decl":{"start":{"line":23,"column":30},"end":{"line":23,"column":31}},"loc":{"start":{"line":23,"column":36},"end":{"line":32,"column":3}},"line":23},"4":{"name":"(anonymous_4)","decl":{"start":{"line":35,"column":23},"end":{"line":35,"column":24}},"loc":{"start":{"line":35,"column":36},"end":{"line":74,"column":3}},"line":35}},"branchMap":{"0":{"loc":{"start":{"line":25,"column":4},"end":{"line":30,"column":5}},"type":"if","locations":[{"start":{"line":25,"column":4},"end":{"line":30,"column":5}},{"start":{"line":28,"column":9},"end":{"line":30,"column":5}}],"line":25},"1":{"loc":{"start":{"line":28,"column":9},"end":{"line":30,"column":5}},"type":"if","locations":[{"start":{"line":28,"column":9},"end":{"line":30,"column":5}},{"start":{},"end":{}}],"line":28},"2":{"loc":{"start":{"line":41,"column":4},"end":{"line":44,"column":5}},"type":"if","locations":[{"start":{"line":41,"column":4},"end":{"line":44,"column":5}},{"start":{},"end":{}}],"line":41},"3":{"loc":{"start":{"line":61,"column":6},"end":{"line":67,"column":7}},"type":"if","locations":[{"start":{"line":61,"column":6},"end":{"line":67,"column":7}},{"start":{"line":65,"column":11},"end":{"line":67,"column":7}}],"line":61},"4":{"loc":{"start":{"line":89,"column":22},"end":{"line":89,"column":54}},"type":"binary-expr","locations":[{"start":{"line":89,"column":22},"end":{"line":89,"column":27}},{"start":{"line":89,"column":31},"end":{"line":89,"column":54}}],"line":89},"5":{"loc":{"start":{"line":96,"column":11},"end":{"line":98,"column":11}},"type":"binary-expr","locations":[{"start":{"line":96,"column":11},"end":{"line":96,"column":40}},{"start":{"line":97,"column":12},"end":{"line":97,"column":66}}],"line":96},"6":{"loc":{"start":{"line":101,"column":11},"end":{"line":101,"column":52}},"type":"binary-expr","locations":[{"start":{"line":101,"column":11},"end":{"line":101,"column":16}},{"start":{"line":101,"column":20},"end":{"line":101,"column":52}}],"line":101},"7":{"loc":{"start":{"line":102,"column":11},"end":{"line":102,"column":58}},"type":"binary-expr","locations":[{"start":{"line":102,"column":11},"end":{"line":102,"column":18}},{"start":{"line":102,"column":22},"end":{"line":102,"column":58}}],"line":102}},"s":{"0":1,"1":20,"2":20,"3":20,"4":20,"5":20,"6":7,"7":20,"8":58,"9":20,"10":20,"11":20,"12":2,"13":18,"14":1,"15":17,"16":20,"17":3,"18":3,"19":3,"20":3,"21":0,"22":0,"23":3,"24":3,"25":3,"26":3,"27":3,"28":3,"29":2,"30":1,"31":1,"32":1,"33":1,"34":20},"f":{"0":20,"1":7,"2":58,"3":20,"4":3},"b":{"0":[2,18],"1":[1,17],"2":[0,3],"3":[1,1],"4":[20,12],"5":[20,18],"6":[20,2],"7":[20,1]},"_coverageSchema":"1a1c01bbd47fc00a2c39e90264f33305004495a9","hash":"0970fdf89b3a2b7f953e4f7238910229bc88ca2e"}
}
