{"C:\\dev\\cs490\\CS490_ResumeAnalyzer\\frontend\\src\\pages\\SignUp\\SignUp.jsx": {"path":"C:\\dev\\cs490\\CS490_ResumeAnalyzer\\frontend\\src\\pages\\SignUp\\SignUp.jsx","statementMap":{"0":{"start":{"line":4,"column":15},"end":{"line":98,"column":1}},"1":{"start":{"line":5,"column":28},"end":{"line":5,"column":40}},"2":{"start":{"line":6,"column":34},"end":{"line":6,"column":46}},"3":{"start":{"line":7,"column":34},"end":{"line":7,"column":46}},"4":{"start":{"line":8,"column":48},"end":{"line":8,"column":60}},"5":{"start":{"line":9,"column":42},"end":{"line":9,"column":54}},"6":{"start":{"line":11,"column":24},"end":{"line":34,"column":3}},"7":{"start":{"line":12,"column":4},"end":{"line":12,"column":23}},"8":{"start":{"line":14,"column":4},"end":{"line":17,"column":5}},"9":{"start":{"line":15,"column":6},"end":{"line":15,"column":48}},"10":{"start":{"line":16,"column":6},"end":{"line":16,"column":13}},"11":{"start":{"line":19,"column":4},"end":{"line":33,"column":5}},"12":{"start":{"line":20,"column":23},"end":{"line":24,"column":8}},"13":{"start":{"line":26,"column":6},"end":{"line":30,"column":7}},"14":{"start":{"line":27,"column":8},"end":{"line":27,"column":44}},"15":{"start":{"line":29,"column":8},"end":{"line":29,"column":61}},"16":{"start":{"line":32,"column":6},"end":{"line":32,"column":59}},"17":{"start":{"line":36,"column":2},"end":{"line":97,"column":4}},"18":{"start":{"line":48,"column":30},"end":{"line":48,"column":55}},"19":{"start":{"line":59,"column":30},"end":{"line":59,"column":58}},"20":{"start":{"line":70,"column":30},"end":{"line":70,"column":58}},"21":{"start":{"line":81,"column":30},"end":{"line":81,"column":65}}},"fnMap":{"0":{"name":"(anonymous_0)","decl":{"start":{"line":4,"column":15},"end":{"line":4,"column":16}},"loc":{"start":{"line":4,"column":21},"end":{"line":98,"column":1}},"line":4},"1":{"name":"(anonymous_1)","decl":{"start":{"line":11,"column":24},"end":{"line":11,"column":25}},"loc":{"start":{"line":11,"column":37},"end":{"line":34,"column":3}},"line":11},"2":{"name":"(anonymous_2)","decl":{"start":{"line":48,"column":22},"end":{"line":48,"column":23}},"loc":{"start":{"line":48,"column":30},"end":{"line":48,"column":55}},"line":48},"3":{"name":"(anonymous_3)","decl":{"start":{"line":59,"column":22},"end":{"line":59,"column":23}},"loc":{"start":{"line":59,"column":30},"end":{"line":59,"column":58}},"line":59},"4":{"name":"(anonymous_4)","decl":{"start":{"line":70,"column":22},"end":{"line":70,"column":23}},"loc":{"start":{"line":70,"column":30},"end":{"line":70,"column":58}},"line":70},"5":{"name":"(anonymous_5)","decl":{"start":{"line":81,"column":22},"end":{"line":81,"column":23}},"loc":{"start":{"line":81,"column":30},"end":{"line":81,"column":65}},"line":81}},"branchMap":{"0":{"loc":{"start":{"line":14,"column":4},"end":{"line":17,"column":5}},"type":"if","locations":[{"start":{"line":14,"column":4},"end":{"line":17,"column":5}},{"start":{},"end":{}}],"line":14},"1":{"loc":{"start":{"line":26,"column":6},"end":{"line":30,"column":7}},"type":"if","locations":[{"start":{"line":26,"column":6},"end":{"line":30,"column":7}},{"start":{"line":28,"column":13},"end":{"line":30,"column":7}}],"line":26}},"s":{"0":1,"1":130,"2":130,"3":130,"4":130,"5":130,"6":130,"7":3,"8":3,"9":1,"10":1,"11":2,"12":2,"13":2,"14":1,"15":1,"16":1,"17":130,"18":51,"19":18,"20":27,"21":27},"f":{"0":130,"1":3,"2":51,"3":18,"4":27,"5":27},"b":{"0":[1,2],"1":[1,1]},"_coverageSchema":"1a1c01bbd47fc00a2c39e90264f33305004495a9","hash":"05846c6d69f0fcb2ff38c9e7077b1788cca999e6"}
}
