TN:
SF:src\pages\Login\Login.jsx
FN:6,(anonymous_0)
FN:12,(anonymous_1)
FN:43,(anonymous_2)
FN:54,(anonymous_3)
FNF:4
FNH:4
FNDA:67,(anonymous_0)
FNDA:2,(anonymous_1)
FNDA:34,(anonymous_2)
FNDA:28,(anonymous_3)
DA:6,1
DA:7,67
DA:8,67
DA:9,67
DA:12,67
DA:13,2
DA:14,2
DA:15,2
DA:19,2
DA:20,1
DA:21,1
DA:23,1
DA:26,1
DA:31,67
DA:43,34
DA:54,28
LF:16
LH:16
BRDA:19,0,0,1
BRDA:19,0,1,1
BRF:2
BRH:2
end_of_record
TN:
SF:src\pages\SignUp\SignUp.jsx
FN:6,(anonymous_0)
FN:14,(anonymous_1)
FN:52,(anonymous_2)
FN:63,(anonymous_3)
FN:74,(anonymous_4)
FN:85,(anonymous_5)
FNF:6
FNH:6
FNDA:130,(anonymous_0)
FNDA:3,(anonymous_1)
FNDA:51,(anonymous_2)
FNDA:18,(anonymous_3)
FNDA:27,(anonymous_4)
FNDA:27,(anonymous_5)
DA:6,1
DA:7,130
DA:8,130
DA:9,130
DA:10,130
DA:11,130
DA:14,130
DA:15,3
DA:17,3
DA:18,1
DA:19,1
DA:22,2
DA:23,2
DA:29,2
DA:30,1
DA:32,1
DA:35,1
DA:40,130
DA:52,51
DA:63,18
DA:74,27
DA:85,27
LF:22
LH:22
BRDA:17,0,0,1
BRDA:17,0,1,2
BRDA:29,1,0,1
BRDA:29,1,1,1
BRF:4
BRH:4
end_of_record
TN:
SF:src\pages\Upload\FileUpload.jsx
FN:7,FileUpload
FN:13,(anonymous_1)
FN:38,(anonymous_2)
FNF:3
FNH:3
FNDA:18,FileUpload
FNDA:6,(anonymous_1)
FNDA:3,(anonymous_2)
DA:8,18
DA:9,18
DA:10,18
DA:13,18
DA:14,6
DA:16,6
DA:17,6
DA:19,6
DA:21,6
DA:22,1
DA:23,1
DA:24,1
DA:27,5
DA:28,1
DA:29,1
DA:30,1
DA:33,4
DA:34,4
DA:38,18
DA:39,3
DA:41,3
DA:42,3
DA:44,3
DA:45,0
DA:46,0
DA:50,3
DA:51,3
DA:54,3
DA:55,3
DA:56,3
DA:57,3
DA:58,3
DA:65,3
DA:67,2
DA:68,1
DA:71,1
DA:76,1
DA:77,1
DA:82,18
LF:39
LH:37
BRDA:19,0,0,0
BRDA:19,0,1,6
BRDA:21,1,0,1
BRDA:21,1,1,5
BRDA:27,2,0,1
BRDA:27,2,1,4
BRDA:44,3,0,0
BRDA:44,3,1,3
BRDA:67,4,0,1
BRDA:67,4,1,1
BRDA:97,5,0,18
BRDA:97,5,1,10
BRDA:104,6,0,18
BRDA:104,6,1,4
BRDA:105,7,0,18
BRDA:105,7,1,5
BRF:16
BRH:14
end_of_record
TN:
SF:src\pages\Upload\JobDescription.jsx
FN:6,(anonymous_0)
FN:13,(anonymous_1)
FN:18,(anonymous_2)
FN:23,(anonymous_3)
FN:35,(anonymous_4)
FNF:5
FNH:5
FNDA:20,(anonymous_0)
FNDA:7,(anonymous_1)
FNDA:58,(anonymous_2)
FNDA:20,(anonymous_3)
FNDA:3,(anonymous_4)
DA:6,1
DA:7,20
DA:8,20
DA:9,20
DA:10,20
DA:13,20
DA:14,7
DA:18,20
DA:19,58
DA:23,20
DA:24,20
DA:25,20
DA:26,2
DA:28,18
DA:29,1
DA:31,17
DA:35,20
DA:36,3
DA:38,3
DA:39,3
DA:41,3
DA:42,0
DA:43,0
DA:47,3
DA:48,3
DA:49,3
DA:50,3
DA:51,3
DA:59,3
DA:61,2
DA:62,1
DA:63,1
DA:66,1
DA:71,1
DA:77,20
LF:35
LH:33
BRDA:25,0,0,2
BRDA:25,0,1,18
BRDA:28,1,0,1
BRDA:28,1,1,17
BRDA:41,2,0,0
BRDA:41,2,1,3
BRDA:61,3,0,1
BRDA:61,3,1,1
BRDA:89,4,0,20
BRDA:89,4,1,12
BRDA:96,5,0,20
BRDA:96,5,1,18
BRDA:101,6,0,20
BRDA:101,6,1,2
BRDA:102,7,0,20
BRDA:102,7,1,1
BRF:16
BRH:15
end_of_record
