TN:
SF:src\pages\SignUp\SignUp.jsx
FN:4,(anonymous_0)
FN:11,(anonymous_1)
FN:48,(anonymous_2)
FN:59,(anonymous_3)
FN:70,(anonymous_4)
FN:81,(anonymous_5)
FNF:6
FNH:6
FNDA:130,(anonymous_0)
FNDA:3,(anonymous_1)
FNDA:51,(anonymous_2)
FNDA:18,(anonymous_3)
FNDA:27,(anonymous_4)
FNDA:27,(anonymous_5)
DA:4,1
DA:5,130
DA:6,130
DA:7,130
DA:8,130
DA:9,130
DA:11,130
DA:12,3
DA:14,3
DA:15,0
DA:16,0
DA:19,3
DA:20,3
DA:26,3
DA:27,1
DA:29,1
DA:32,2
DA:36,130
DA:48,51
DA:59,18
DA:70,27
DA:81,27
LF:22
LH:20
BRDA:14,0,0,0
BRDA:14,0,1,3
BRDA:26,1,0,1
BRDA:26,1,1,1
BRF:4
BRH:3
end_of_record
